<?xml version="1.0" encoding="utf-8" standalone="no"?>
<!--This file represents the results of running a test suite-->
<test-results name="F:\9-10\TestApplication\Tests\bin\Debug\Tests.dll" total="3" errors="0" failures="0" not-run="0" inconclusive="0" ignored="0" skipped="0" invalid="0" date="2018-05-03" time="13:11:53">
  <environment nunit-version="2.6.4.14350" clr-version="2.0.50727.5485" os-version="Microsoft Windows NT 6.1.7601 Service Pack 1" platform="Win32NT" cwd="C:\Program Files (x86)\NUnit 2.6.4\bin" machine-name="408-10" user="Админ" user-domain="408-10" />
  <culture-info current-culture="ru-RU" current-uiculture="ru-RU" />
  <test-suite type="Assembly" name="F:\9-10\TestApplication\Tests\bin\Debug\Tests.dll" executed="True" result="Success" success="True" time="0.101" asserts="0">
    <results>
      <test-suite type="Namespace" name="Tests" executed="True" result="Success" success="True" time="0.086" asserts="0">
        <results>
          <test-suite type="TestFixture" name="MatrixTests" executed="True" result="Success" success="True" time="0.084" asserts="0">
            <results>
              <test-case name="Tests.MatrixTests.Check_Max_7to7" executed="True" result="Success" success="True" time="0.058" asserts="1" />
              <test-case name="Tests.MatrixTests.Check_Min_5to5" executed="True" result="Success" success="True" time="0.002" asserts="1" />
              <test-case name="Tests.MatrixTests.Check_Srednee_7to7" executed="True" result="Success" success="True" time="0.001" asserts="1" />
            </results>
          </test-suite>
        </results>
      </test-suite>
    </results>
  </test-suite>
</test-results>